C:\Users\dartix\CLionProjects\kiv-ppr\cmake-build-debug\ppr.exe
VULKAN correctness demo: result = 2 * 0.65 + 0.71 ...should be 2.01
Device Name: NVIDIA GeForce GTX 960M
Device Type: 2
API Version: 1.2.175
Driver Version: 1980022784
Vendor ID: 4318
Device ID: 5019
Geometry Shader Support: Yes
Tessellation Shader Support: Yes
--------------------------------------
result 2.01

starting...
load sequentially: 0
loaded hr 648669
loaded acc 5027009
Time taken: 2 min 21 sec

starting preprocess...
clean acc 5027009
Time taken: 0 min 0 sec

starting correlation compute...
Time taken: 3 min 35 sec

average fitness: 0.0424839
max fitness: 0.105964
best local equation: equation: -3.77129 + (-1.19112 Z ) + (2.4054 Y ) + (1.46512 X ) * (4.12387 X ) + (-2.08677 Y )

parents population size: 98
average population fitness after selection: 0.0644017
started crossbreeding...
children: 49
Time taken: 0 min 0 sec

epoch 0 done...
##########################
starting correlation compute...
Time taken: 2 min 58 sec

average fitness: 0.0539055
max fitness: 0.105964
best local equation: equation: -3.77129 + (-1.19112 Z ) + (2.4054 Y ) + (1.46512 X ) * (4.12387 X ) + (-2.08677 Y )

parents population size: 84
average population fitness after selection: 0.0724482
started crossbreeding...
children: 42
Time taken: 0 min 0 sec

epoch 1 done...
##########################
starting correlation compute...
Time taken: 2 min 47 sec

average fitness: 0.0546764
max fitness: 0.105964
best local equation: equation: -3.77129 + (-1.19112 Z ) + (2.4054 Y ) + (1.46512 X ) * (4.12387 X ) + (-2.08677 Y )

parents population size: 92
average population fitness after selection: 0.0728608
started crossbreeding...
children: 46
Time taken: 0 min 0 sec

epoch 2 done...
##########################
starting correlation compute...
Time taken: 2 min 56 sec

average fitness: 0.0577763
max fitness: 0.105964
best local equation: equation: -3.77129 + (-1.19112 Z ) + (2.4054 Y ) + (1.46512 X ) * (4.12387 X ) + (-2.08677 Y )

parents population size: 83
average population fitness after selection: 0.0769668
started crossbreeding...
children: 42
Time taken: 0 min 0 sec

epoch 3 done...
##########################
starting correlation compute...
Time taken: 2 min 50 sec

average fitness: 0.058695
max fitness: 0.105964
best local equation: equation: -3.77129 + (-1.19112 Z ) + (2.4054 Y ) + (1.46512 X ) * (4.12387 X ) + (-2.08677 Y )

parents population size: 97
average population fitness after selection: 0.0775868
started crossbreeding...
children: 49
Time taken: 0 min 0 sec

epoch 4 done...
##########################
starting correlation compute...
Time taken: 2 min 48 sec

average fitness: 0.0609522
max fitness: 0.105964
best local equation: equation: -3.77129 + (-1.19112 Z ) + (2.4054 Y ) + (1.46512 X ) * (4.12387 X ) + (-2.08677 Y )

parents population size: 90
average population fitness after selection: 0.0796352
started crossbreeding...
children: 45
Time taken: 0 min 0 sec

epoch 5 done...
##########################
starting correlation compute...
Time taken: 2 min 51 sec

average fitness: 0.065235
max fitness: 0.105964
best local equation: equation: -3.77129 + (-1.19112 Z ) + (2.4054 Y ) + (1.46512 X ) * (4.12387 X ) + (-2.08677 Y )

parents population size: 72
average population fitness after selection: 0.0830425
started crossbreeding...
children: 36
Time taken: 0 min 0 sec

epoch 6 done...
##########################
starting correlation compute...
Time taken: 2 min 43 sec

average fitness: 0.0602094
max fitness: 0.105964
best local equation: equation: -3.77129 + (-1.19112 Z ) + (2.4054 Y ) + (1.46512 X ) * (4.12387 X ) + (-2.08677 Y )

parents population size: 84
average population fitness after selection: 0.0827867
started crossbreeding...
children: 42
Time taken: 0 min 0 sec

epoch 7 done...
##########################
starting correlation compute...
Time taken: 2 min 31 sec

average fitness: 0.0592168
max fitness: 0.105964
best local equation: equation: -3.77129 + (-1.19112 Z ) + (2.4054 Y ) + (1.46512 X ) * (4.12387 X ) + (-2.08677 Y )

parents population size: 93
average population fitness after selection: 0.0824563
started crossbreeding...
children: 47
Time taken: 0 min 0 sec

epoch 8 done...
##########################
starting correlation compute...
Time taken: 2 min 46 sec

average fitness: 0.0604281
max fitness: 0.105964
best local equation: equation: -3.77129 + (-1.19112 Z ) + (2.4054 Y ) + (1.46512 X ) * (4.12387 X ) + (-2.08677 Y )

parents population size: 98
average population fitness after selection: 0.0828163
started crossbreeding...
children: 49
Time taken: 0 min 0 sec

epoch 9 done...
##########################
starting correlation compute...
Time taken: 2 min 46 sec

average fitness: 0.064925
max fitness: 0.105964
best local equation: equation: -3.77129 + (-1.19112 Z ) + (2.4054 Y ) + (1.46512 X ) * (4.12387 X ) + (-2.08677 Y )

parents population size: 58
average population fitness after selection: 0.08675
started crossbreeding...
children: 29
Time taken: 0 min 0 sec

epoch 10 done...
##########################
starting correlation compute...
Time taken: 2 min 12 sec

average fitness: 0.0584133
max fitness: 0.105964
best local equation: equation: -3.77129 + (-1.19112 Z ) + (2.4054 Y ) + (1.46512 X ) * (4.12387 X ) + (-2.08677 Y )

parents population size: 69
average population fitness after selection: 0.086233
started crossbreeding...
children: 35
Time taken: 0 min 0 sec

epoch 11 done...
##########################
starting correlation compute...
Time taken: 2 min 20 sec

average fitness: 0.0599136
max fitness: 0.105964
best local equation: equation: -3.77129 + (-1.19112 Z ) + (2.4054 Y ) + (1.46512 X ) * (4.12387 X ) + (-2.08677 Y )

parents population size: 76
average population fitness after selection: 0.0862335
started crossbreeding...
children: 38
Time taken: 0 min 0 sec

epoch 12 done...
##########################
starting correlation compute...
Time taken: 2 min 24 sec

average fitness: 0.061736
max fitness: 0.105964
best local equation: equation: -3.77129 + (-1.19112 Z ) + (2.4054 Y ) + (1.46512 X ) * (4.12387 X ) + (-2.08677 Y )

parents population size: 73
average population fitness after selection: 0.08697
started crossbreeding...
children: 37
Time taken: 0 min 0 sec

epoch 13 done...
##########################
starting correlation compute...
Time taken: 2 min 21 sec

average fitness: 0.0608209
max fitness: 0.105964
best local equation: equation: -3.77129 + (-1.19112 Z ) + (2.4054 Y ) + (1.46512 X ) * (4.12387 X ) + (-2.08677 Y )

parents population size: 75
average population fitness after selection: 0.0868914
started crossbreeding...
children: 38
Time taken: 0 min 0 sec

epoch 14 done...
##########################
starting correlation compute...
Time taken: 2 min 22 sec

average fitness: 0.0611182
max fitness: 0.105964
best local equation: equation: -3.77129 + (-1.19112 Z ) + (2.4054 Y ) + (1.46512 X ) * (4.12387 X ) + (-2.08677 Y )

parents population size: 55
average population fitness after selection: 0.0891633
started crossbreeding...
children: 28
Time taken: 0 min 0 sec

epoch 15 done...
##########################
starting correlation compute...
Time taken: 2 min 11 sec

average fitness: 0.0589439
max fitness: 0.105964
best local equation: equation: -3.77129 + (-1.19112 Z ) + (2.4054 Y ) + (1.46512 X ) * (4.12387 X ) + (-2.08677 Y )

parents population size: 59
average population fitness after selection: 0.0888738
started crossbreeding...
children: 30
Time taken: 0 min 0 sec

epoch 16 done...
##########################
starting correlation compute...
Time taken: 2 min 16 sec

average fitness: 0.0600811
max fitness: 0.105964
best local equation: equation: -3.77129 + (-1.19112 Z ) + (2.4054 Y ) + (1.46512 X ) * (4.12387 X ) + (-2.08677 Y )

parents population size: 55
average population fitness after selection: 0.0898019
started crossbreeding...
children: 28
Time taken: 0 min 0 sec

epoch 17 done...
##########################
starting correlation compute...
